<?xml version="1.0" encoding="UTF-8"?>
<testsuite name="FirstTest" tests="2" skipped="0" failures="0" errors="0" timestamp="2020-04-12T17:54:00" hostname="LAPTOP-QKC3I26M" time="0.003">
  <properties/>
  <testcase name="testDistance" classname="FirstTest" time="0.002"/>
  <testcase name="testValuePoint" classname="FirstTest" time="0.0"/>
  <system-out><![CDATA[]]></system-out>
  <system-err><![CDATA[]]></system-err>
</testsuite>
