<?xml version="1.0" encoding="UTF-8"?>
<testsuite name="ru.stqa.pft.addressbook.tests.GroupCreationTest" tests="3" skipped="0" failures="0" errors="0" timestamp="2020-04-16T21:46:35" hostname="LAPTOP-QKC3I26M" time="4.705">
  <properties/>
  <testcase name="testGroupCreation[0](GroupData{id='2147483647', name='testtrrtutr 0'})" classname="ru.stqa.pft.addressbook.tests.GroupCreationTest" time="2.188"/>
  <testcase name="testGroupCreation[1](GroupData{id='2147483647', name='testtrrtutr 1'})" classname="ru.stqa.pft.addressbook.tests.GroupCreationTest" time="1.249"/>
  <testcase name="testGroupCreation[2](GroupData{id='2147483647', name='testtrrtutr 2'})" classname="ru.stqa.pft.addressbook.tests.GroupCreationTest" time="1.189"/>
  <system-out><![CDATA[00:46:35.226 [Test worker] INFO  r.s.pft.addressbook.tests.TestBase - Start testtestGroupCreation
Hibernate: select groupdata0_.group_id as group_id1_2_, groupdata0_.group_footer as group_fo2_2_, groupdata0_.group_header as group_he3_2_, groupdata0_.group_name as group_na4_2_ from group_list groupdata0_
Hibernate: select groupdata0_.group_id as group_id1_2_, groupdata0_.group_footer as group_fo2_2_, groupdata0_.group_header as group_he3_2_, groupdata0_.group_name as group_na4_2_ from group_list groupdata0_
00:46:37.493 [Test worker] INFO  r.s.pft.addressbook.tests.TestBase - Stop testtestGroupCreation
00:46:37.495 [Test worker] INFO  r.s.pft.addressbook.tests.TestBase - Start testtestGroupCreation
Hibernate: select groupdata0_.group_id as group_id1_2_, groupdata0_.group_footer as group_fo2_2_, groupdata0_.group_header as group_he3_2_, groupdata0_.group_name as group_na4_2_ from group_list groupdata0_
Hibernate: select groupdata0_.group_id as group_id1_2_, groupdata0_.group_footer as group_fo2_2_, groupdata0_.group_header as group_he3_2_, groupdata0_.group_name as group_na4_2_ from group_list groupdata0_
00:46:38.747 [Test worker] INFO  r.s.pft.addressbook.tests.TestBase - Stop testtestGroupCreation
00:46:38.749 [Test worker] INFO  r.s.pft.addressbook.tests.TestBase - Start testtestGroupCreation
Hibernate: select groupdata0_.group_id as group_id1_2_, groupdata0_.group_footer as group_fo2_2_, groupdata0_.group_header as group_he3_2_, groupdata0_.group_name as group_na4_2_ from group_list groupdata0_
Hibernate: select groupdata0_.group_id as group_id1_2_, groupdata0_.group_footer as group_fo2_2_, groupdata0_.group_header as group_he3_2_, groupdata0_.group_name as group_na4_2_ from group_list groupdata0_
00:46:39.939 [Test worker] INFO  r.s.pft.addressbook.tests.TestBase - Stop testtestGroupCreation
]]></system-out>
  <system-err><![CDATA[]]></system-err>
</testsuite>
