<?xml version="1.0" encoding="UTF-8"?>
<testsuite name="ru.stqa.pft.addressbook.tests.GroupModificationUpdateTest" tests="1" skipped="0" failures="0" errors="0" timestamp="2020-04-16T13:52:08" hostname="LAPTOP-QKC3I26M" time="1.987">
  <properties/>
  <testcase name="testGroupUpdate" classname="ru.stqa.pft.addressbook.tests.GroupModificationUpdateTest" time="1.987"/>
  <system-out><![CDATA[16:52:08.695 [Test worker] INFO  r.s.pft.addressbook.tests.TestBase - Start testtestGroupUpdate
Hibernate: select groupdata0_.group_id as group_id1_2_, groupdata0_.group_footer as group_fo2_2_, groupdata0_.group_header as group_he3_2_, groupdata0_.group_name as group_na4_2_ from group_list groupdata0_
Hibernate: select groupdata0_.group_id as group_id1_2_, groupdata0_.group_footer as group_fo2_2_, groupdata0_.group_header as group_he3_2_, groupdata0_.group_name as group_na4_2_ from group_list groupdata0_
Hibernate: select groupdata0_.group_id as group_id1_2_, groupdata0_.group_footer as group_fo2_2_, groupdata0_.group_header as group_he3_2_, groupdata0_.group_name as group_na4_2_ from group_list groupdata0_
16:52:10.692 [Test worker] INFO  r.s.pft.addressbook.tests.TestBase - Stop testtestGroupUpdate
]]></system-out>
  <system-err><![CDATA[]]></system-err>
</testsuite>
